{"timestamp": "2026-02-14T00:24:52.026118", "user_id": "admin", "role": "admin", "intent": "CHAT", "level": "LEVEL_0", "allowed": true, "reason": "L0 action always allowed", "metadata": {}}
{"timestamp": "2026-02-14T00:25:19.338512", "user_id": "admin", "role": "admin", "intent": "MEMORY", "level": "LEVEL_2", "allowed": true, "reason": "admin authorized for L2", "metadata": {}}
{"timestamp": "2026-02-14T00:25:39.644398", "user_id": "admin", "role": "admin", "intent": "MEMORY", "level": "LEVEL_2", "allowed": true, "reason": "User Confirmation", "metadata": {}}
{"timestamp": "2026-02-14T00:26:00.935826", "user_id": "admin", "role": "admin", "intent": "FS", "level": "LEVEL_1", "allowed": true, "reason": "L1 allowed for authenticated user", "metadata": {}}
{"timestamp": "2026-02-14T00:29:19.929404", "user_id": "admin", "role": "admin", "intent": "CHAT", "level": "LEVEL_0", "allowed": true, "reason": "L0 action always allowed", "metadata": {}}
{"timestamp": "2026-02-14T00:29:39.721565", "user_id": "admin", "role": "admin", "intent": "MEMORY", "level": "LEVEL_2", "allowed": true, "reason": "admin authorized for L2", "metadata": {}}
{"timestamp": "2026-02-14T00:29:51.867215", "user_id": "admin", "role": "admin", "intent": "MEMORY", "level": "LEVEL_2", "allowed": true, "reason": "User Confirmation", "metadata": {}}
{"timestamp": "2026-02-14T00:30:08.207804", "user_id": "admin", "role": "admin", "intent": "CHAT", "level": "LEVEL_0", "allowed": true, "reason": "L0 action always allowed", "metadata": {}}
{"timestamp": "2026-02-14T00:30:19.139832", "user_id": "admin", "role": "admin", "intent": "CHAT", "level": "LEVEL_0", "allowed": true, "reason": "L0 action always allowed", "metadata": {}}
{"timestamp": "2026-02-14T00:30:36.383467", "user_id": "admin", "role": "admin", "intent": "CHAT", "level": "LEVEL_0", "allowed": true, "reason": "L0 action always allowed", "metadata": {}}
{"timestamp": "2026-02-14T00:30:59.021093", "user_id": "admin", "role": "admin", "intent": "WEB", "level": "LEVEL_1", "allowed": true, "reason": "L1 allowed for authenticated user", "metadata": {}}
{"timestamp": "2026-02-14T12:52:34.466398", "user_id": "admin", "role": "admin", "intent": "WEB", "level": "LEVEL_1", "allowed": true, "reason": "L1 allowed for authenticated user", "metadata": {}}
{"timestamp": "2026-02-14T12:55:23.846492", "user_id": "admin", "role": "admin", "intent": "CHAT", "level": "LEVEL_0", "allowed": true, "reason": "L0 action always allowed", "metadata": {}}
{"timestamp": "2026-02-14T12:58:52.542636", "user_id": "admin", "role": "admin", "intent": "CHAT", "level": "LEVEL_0", "allowed": true, "reason": "L0 action always allowed", "metadata": {}}
{"timestamp": "2026-02-14T13:00:26.653791", "user_id": "admin", "role": "admin", "intent": "WEB", "level": "LEVEL_1", "allowed": true, "reason": "L1 allowed for authenticated user", "metadata": {}}
{"timestamp": "2026-02-14T13:01:41.618698", "user_id": "admin", "role": "admin", "intent": "WEB", "level": "LEVEL_1", "allowed": true, "reason": "L1 allowed for authenticated user", "metadata": {}}
{"timestamp": "2026-02-14T13:22:19.267304", "user_id": "admin", "role": "admin", "intent": "WEB", "level": "LEVEL_1", "allowed": true, "reason": "L1 allowed for authenticated user", "metadata": {}}
{"timestamp": "2026-02-14T13:23:15.104684", "user_id": "admin", "role": "admin", "intent": "WEB", "level": "LEVEL_1", "allowed": true, "reason": "L1 allowed for authenticated user", "metadata": {}}
{"timestamp": "2026-02-15T22:46:21.464885", "user_id": "admin", "role": "admin", "intent": "FS", "level": "LEVEL_1", "allowed": true, "reason": "L1 allowed for authenticated user", "metadata": {}}
{"timestamp": "2026-02-15T22:46:34.611328", "user_id": "admin", "role": "admin", "intent": "CHAT", "level": "LEVEL_0", "allowed": true, "reason": "L0 action always allowed", "metadata": {}}
{"timestamp": "2026-02-15T22:46:52.511368", "user_id": "admin", "role": "admin", "intent": "WEB", "level": "LEVEL_1", "allowed": true, "reason": "L1 allowed for authenticated user", "metadata": {}}
{"timestamp": "2026-02-16T12:34:30.566719", "user_id": "admin", "role": "admin", "intent": "FS", "level": "LEVEL_1", "allowed": true, "reason": "L1 allowed for authenticated user", "metadata": {}}
{"timestamp": "2026-02-16T12:34:44.870647", "user_id": "admin", "role": "admin", "intent": "CHAT", "level": "LEVEL_0", "allowed": true, "reason": "L0 action always allowed", "metadata": {}}
{"timestamp": "2026-02-16T12:35:22.229707", "user_id": "admin", "role": "admin", "intent": "CHAT", "level": "LEVEL_0", "allowed": true, "reason": "L0 action always allowed", "metadata": {}}
{"timestamp": "2026-02-16T12:36:54.162507", "user_id": "admin", "role": "admin", "intent": "FS", "level": "LEVEL_1", "allowed": true, "reason": "L1 allowed for authenticated user", "metadata": {}}
{"timestamp": "2026-02-16T12:37:28.693425", "user_id": "admin", "role": "admin", "intent": "CHAT", "level": "LEVEL_0", "allowed": true, "reason": "L0 action always allowed", "metadata": {}}
{"timestamp": "2026-02-16T12:40:15.022295", "user_id": "admin", "role": "admin", "intent": "WEB", "level": "LEVEL_1", "allowed": true, "reason": "L1 allowed for authenticated user", "metadata": {}}
{"timestamp": "2026-02-16T21:35:15.373150", "user_id": "admin", "role": "admin", "intent": "MEMORY", "level": "LEVEL_2", "allowed": true, "reason": "admin authorized for L2", "metadata": {}}
{"timestamp": "2026-02-16T21:35:24.798034", "user_id": "admin", "role": "admin", "intent": "MEMORY", "level": "LEVEL_2", "allowed": false, "reason": "User Confirmation", "metadata": {}}
{"timestamp": "2026-02-16T21:35:31.985531", "user_id": "admin", "role": "admin", "intent": "MEMORY", "level": "LEVEL_2", "allowed": true, "reason": "admin authorized for L2", "metadata": {}}
{"timestamp": "2026-02-16T21:35:33.729929", "user_id": "admin", "role": "admin", "intent": "MEMORY", "level": "LEVEL_2", "allowed": true, "reason": "User Confirmation", "metadata": {}}
{"timestamp": "2026-02-16T21:35:49.250564", "user_id": "admin", "role": "admin", "intent": "MEMORY", "level": "LEVEL_2", "allowed": true, "reason": "admin authorized for L2", "metadata": {}}
{"timestamp": "2026-02-16T21:35:54.070011", "user_id": "admin", "role": "admin", "intent": "MEMORY", "level": "LEVEL_2", "allowed": true, "reason": "User Confirmation", "metadata": {}}
{"timestamp": "2026-02-16T21:36:50.432676", "user_id": "admin", "role": "admin", "intent": "CHAT", "level": "LEVEL_0", "allowed": true, "reason": "L0 action always allowed", "metadata": {}}
{"timestamp": "2026-02-16T21:38:25.749158", "user_id": "admin", "role": "admin", "intent": "CHAT", "level": "LEVEL_0", "allowed": true, "reason": "L0 action always allowed", "metadata": {}}
{"timestamp": "2026-02-16T21:40:14.426495", "user_id": "admin", "role": "admin", "intent": "CHAT", "level": "LEVEL_0", "allowed": true, "reason": "L0 action always allowed", "metadata": {}}
{"timestamp": "2026-02-17T11:10:16.156517", "user_id": "admin", "role": "admin", "intent": "WEB", "level": "LEVEL_1", "allowed": true, "reason": "L1 allowed for authenticated user", "metadata": {}}
{"timestamp": "2026-02-17T11:15:38.188446", "user_id": "admin", "role": "admin", "intent": "CHAT", "level": "LEVEL_0", "allowed": true, "reason": "L0 action always allowed", "metadata": {}}
{"timestamp": "2026-02-17T11:19:11.395684", "user_id": "admin", "role": "admin", "intent": "CHAT", "level": "LEVEL_0", "allowed": true, "reason": "L0 action always allowed", "metadata": {}}
{"timestamp": "2026-02-17T11:21:56.956632", "user_id": "admin", "role": "admin", "intent": "CHAT", "level": "LEVEL_0", "allowed": true, "reason": "L0 action always allowed", "metadata": {}}
{"timestamp": "2026-02-17T12:34:39.446668", "user_id": "admin", "role": "admin", "intent": "WEB", "level": "LEVEL_1", "allowed": true, "reason": "L1 allowed for authenticated user", "metadata": {}}
{"timestamp": "2026-02-17T12:35:41.930341", "user_id": "admin", "role": "admin", "intent": "WEB", "level": "LEVEL_1", "allowed": true, "reason": "L1 allowed for authenticated user", "metadata": {}}
{"timestamp": "2026-02-17T12:36:40.255745", "user_id": "admin", "role": "admin", "intent": "FS", "level": "LEVEL_1", "allowed": true, "reason": "L1 allowed for authenticated user", "metadata": {}}
{"timestamp": "2026-02-17T12:37:27.356185", "user_id": "admin", "role": "admin", "intent": "CHAT", "level": "LEVEL_0", "allowed": true, "reason": "L0 action always allowed", "metadata": {}}
{"timestamp": "2026-02-17T16:40:02.012848", "user_id": "admin", "role": "admin", "intent": "CHAT", "level": "LEVEL_0", "allowed": true, "reason": "L0 action always allowed", "metadata": {}}
{"timestamp": "2026-02-17T16:42:43.526466", "user_id": "admin", "role": "admin", "intent": "CHAT", "level": "LEVEL_0", "allowed": true, "reason": "L0 action always allowed", "metadata": {}}
{"timestamp": "2026-02-17T16:52:18.389930", "user_id": "admin", "role": "admin", "intent": "MEMORY", "level": "LEVEL_2", "allowed": true, "reason": "admin authorized for L2", "metadata": {}}
{"timestamp": "2026-02-17T16:52:23.183246", "user_id": "admin", "role": "admin", "intent": "MEMORY", "level": "LEVEL_2", "allowed": true, "reason": "User Confirmation", "metadata": {}}
{"timestamp": "2026-02-17T16:52:32.424557", "user_id": "admin", "role": "admin", "intent": "CHAT", "level": "LEVEL_0", "allowed": true, "reason": "L0 action always allowed", "metadata": {}}
{"timestamp": "2026-02-17T16:52:44.288626", "user_id": "admin", "role": "admin", "intent": "MEMORY", "level": "LEVEL_2", "allowed": true, "reason": "admin authorized for L2", "metadata": {}}
{"timestamp": "2026-02-17T16:52:46.053747", "user_id": "admin", "role": "admin", "intent": "MEMORY", "level": "LEVEL_2", "allowed": true, "reason": "User Confirmation", "metadata": {}}
{"timestamp": "2026-02-17T16:54:15.464188", "user_id": "admin", "role": "admin", "intent": "WEB", "level": "LEVEL_1", "allowed": true, "reason": "L1 allowed for authenticated user", "metadata": {}}
{"timestamp": "2026-02-18T12:12:02.380987", "user_id": "admin", "role": "admin", "intent": "WEB", "level": "LEVEL_1", "allowed": true, "reason": "L1 allowed for authenticated user", "metadata": {}}
{"timestamp": "2026-02-18T17:12:27.450702", "user_id": "admin", "role": "admin", "intent": "WEB", "level": "LEVEL_1", "allowed": true, "reason": "L1 allowed for authenticated user", "metadata": {}}
{"timestamp": "2026-02-18T17:24:12.554473", "user_id": "admin", "role": "admin", "intent": "WEB", "level": "LEVEL_1", "allowed": true, "reason": "L1 allowed for authenticated user", "metadata": {}}
{"timestamp": "2026-02-18T17:29:51.431727", "user_id": "admin", "role": "admin", "intent": "WEB", "level": "LEVEL_1", "allowed": true, "reason": "L1 allowed for authenticated user", "metadata": {}}
{"timestamp": "2026-02-21T13:31:10.364529", "user_id": "admin", "role": "admin", "intent": "WEB", "level": "LEVEL_1", "allowed": true, "reason": "L1 allowed for authenticated user", "metadata": {}}
{"timestamp": "2026-02-21T13:31:35.103516", "user_id": "admin", "role": "admin", "intent": "CHAT", "level": "LEVEL_0", "allowed": true, "reason": "L0 action always allowed", "metadata": {}}
{"timestamp": "2026-02-21T13:32:15.049282", "user_id": "admin", "role": "admin", "intent": "WEB", "level": "LEVEL_1", "allowed": true, "reason": "L1 allowed for authenticated user", "metadata": {}}
{"timestamp": "2026-02-21T13:33:07.196411", "user_id": "admin", "role": "admin", "intent": "WEB", "level": "LEVEL_1", "allowed": true, "reason": "L1 allowed for authenticated user", "metadata": {}}
{"timestamp": "2026-02-24T20:28:47.688857", "user_id": "admin", "role": "admin", "intent": "CHAT", "level": "LEVEL_0", "allowed": true, "reason": "L0 action always allowed", "metadata": {}}
{"timestamp": "2026-02-27T19:31:03.193428", "user_id": "admin", "role": "admin", "intent": "CHAT", "level": "LEVEL_0", "allowed": true, "reason": "L0 action always allowed", "metadata": {}}
{"timestamp": "2026-02-27T19:37:44.510517", "user_id": "admin", "role": "admin", "intent": "MEMORY", "level": "LEVEL_2", "allowed": true, "reason": "admin authorized for L2", "metadata": {}}
{"timestamp": "2026-02-27T19:38:09.304346", "user_id": "admin", "role": "admin", "intent": "MEMORY", "level": "LEVEL_2", "allowed": true, "reason": "User Confirmation", "metadata": {}}
{"timestamp": "2026-02-27T19:38:38.152240", "user_id": "admin", "role": "admin", "intent": "CHAT", "level": "LEVEL_0", "allowed": true, "reason": "L0 action always allowed", "metadata": {}}
{"timestamp": "2026-02-27T19:57:28.877342", "user_id": "admin", "role": "admin", "intent": "CHAT", "level": "LEVEL_0", "allowed": true, "reason": "L0 action always allowed", "metadata": {}}
{"timestamp": "2026-02-27T19:58:06.777936", "user_id": "admin", "role": "admin", "intent": "MEMORY", "level": "LEVEL_2", "allowed": true, "reason": "admin authorized for L2", "metadata": {}}
{"timestamp": "2026-02-27T19:58:16.783529", "user_id": "admin", "role": "admin", "intent": "MEMORY", "level": "LEVEL_2", "allowed": true, "reason": "User Confirmation", "metadata": {}}
{"timestamp": "2026-02-27T19:58:34.398131", "user_id": "admin", "role": "admin", "intent": "CHAT", "level": "LEVEL_0", "allowed": true, "reason": "L0 action always allowed", "metadata": {}}
{"timestamp": "2026-02-27T19:59:10.540320", "user_id": "admin", "role": "admin", "intent": "CHAT", "level": "LEVEL_0", "allowed": true, "reason": "L0 action always allowed", "metadata": {}}
{"timestamp": "2026-02-27T20:10:50.784321", "user_id": "admin", "role": "admin", "intent": "CHAT", "level": "LEVEL_0", "allowed": true, "reason": "L0 action always allowed", "metadata": {}}
{"timestamp": "2026-02-27T20:12:07.540537", "user_id": "admin", "role": "admin", "intent": "CHAT", "level": "LEVEL_0", "allowed": true, "reason": "L0 action always allowed", "metadata": {}}
{"timestamp": "2026-02-27T20:26:27.322958", "user_id": "admin", "role": "admin", "intent": "CHAT", "level": "LEVEL_0", "allowed": true, "reason": "L0 action always allowed", "metadata": {}}
{"timestamp": "2026-02-27T20:30:16.566215", "user_id": "admin", "role": "admin", "intent": "CHAT", "level": "LEVEL_0", "allowed": true, "reason": "L0 action always allowed", "metadata": {}}
{"timestamp": "2026-02-27T20:30:26.933864", "user_id": "admin", "role": "admin", "intent": "CHAT", "level": "LEVEL_0", "allowed": true, "reason": "L0 action always allowed", "metadata": {}}
{"timestamp": "2026-02-27T20:30:41.839613", "user_id": "admin", "role": "admin", "intent": "CHAT", "level": "LEVEL_0", "allowed": true, "reason": "L0 action always allowed", "metadata": {}}
{"timestamp": "2026-02-27T20:31:07.321850", "user_id": "admin", "role": "admin", "intent": "CHAT", "level": "LEVEL_0", "allowed": true, "reason": "L0 action always allowed", "metadata": {}}
{"timestamp": "2026-03-02T16:53:42.820822", "user_id": "admin", "role": "admin", "intent": "CHAT", "level": "LEVEL_0", "allowed": true, "reason": "L0 action always allowed", "metadata": {}}
{"timestamp": "2026-03-02T16:54:11.054397", "user_id": "admin", "role": "admin", "intent": "WEB", "level": "LEVEL_1", "allowed": true, "reason": "L1 allowed for authenticated user", "metadata": {}}
{"timestamp": "2026-03-02T16:56:37.708758", "user_id": "admin", "role": "admin", "intent": "MEMORY", "level": "LEVEL_2", "allowed": true, "reason": "admin authorized for L2", "metadata": {}}
{"timestamp": "2026-03-02T16:56:46.575759", "user_id": "admin", "role": "admin", "intent": "MEMORY", "level": "LEVEL_2", "allowed": true, "reason": "User Confirmation", "metadata": {}}
{"timestamp": "2026-03-02T16:56:57.198964", "user_id": "admin", "role": "admin", "intent": "CHAT", "level": "LEVEL_0", "allowed": true, "reason": "L0 action always allowed", "metadata": {}}
{"timestamp": "2026-03-02T16:57:06.585495", "user_id": "admin", "role": "admin", "intent": "MEMORY", "level": "LEVEL_2", "allowed": true, "reason": "admin authorized for L2", "metadata": {}}
{"timestamp": "2026-03-02T16:57:07.816207", "user_id": "admin", "role": "admin", "intent": "MEMORY", "level": "LEVEL_2", "allowed": true, "reason": "User Confirmation", "metadata": {}}
{"timestamp": "2026-03-03T16:04:22.844630", "user_id": "admin", "role": "admin", "intent": "CHAT", "level": "LEVEL_0", "allowed": true, "reason": "L0 action always allowed", "metadata": {}}
{"timestamp": "2026-03-06T22:42:07.873986", "user_id": "admin", "role": "admin", "intent": "CHAT", "level": "LEVEL_0", "allowed": true, "reason": "L0 action always allowed", "metadata": {}}
{"timestamp": "2026-03-06T22:45:41.311075", "user_id": "admin", "role": "admin", "intent": "CHAT", "level": "LEVEL_0", "allowed": true, "reason": "L0 action always allowed", "metadata": {}}
{"timestamp": "2026-03-06T22:46:18.682036", "user_id": "admin", "role": "admin", "intent": "MEMORY", "level": "LEVEL_2", "allowed": true, "reason": "admin authorized for L2", "metadata": {}}
{"timestamp": "2026-03-06T22:46:24.312830", "user_id": "admin", "role": "admin", "intent": "MEMORY", "level": "LEVEL_2", "allowed": true, "reason": "Confirma\u00e7\u00e3o do Usu\u00e1rio", "metadata": {}}
{"timestamp": "2026-03-06T22:46:31.845856", "user_id": "admin", "role": "admin", "intent": "CHAT", "level": "LEVEL_0", "allowed": true, "reason": "L0 action always allowed", "metadata": {}}
{"timestamp": "2026-03-06T22:46:46.027521", "user_id": "admin", "role": "admin", "intent": "CHAT", "level": "LEVEL_0", "allowed": true, "reason": "L0 action always allowed", "metadata": {}}
{"timestamp": "2026-03-06T22:47:11.555450", "user_id": "admin", "role": "admin", "intent": "WEB", "level": "LEVEL_1", "allowed": true, "reason": "L1 allowed for authenticated user", "metadata": {}}
{"timestamp": "2026-03-06T22:47:58.122819", "user_id": "admin", "role": "admin", "intent": "WEB", "level": "LEVEL_1", "allowed": true, "reason": "L1 allowed for authenticated user", "metadata": {}}
{"timestamp": "2026-03-06T22:48:34.412958", "user_id": "admin", "role": "admin", "intent": "WEB", "level": "LEVEL_1", "allowed": true, "reason": "L1 allowed for authenticated user", "metadata": {}}
{"timestamp": "2026-03-06T22:48:59.062581", "user_id": "admin", "role": "admin", "intent": "CHAT", "level": "LEVEL_0", "allowed": true, "reason": "L0 action always allowed", "metadata": {}}
{"timestamp": "2026-03-06T22:49:15.952221", "user_id": "admin", "role": "admin", "intent": "CHAT", "level": "LEVEL_0", "allowed": true, "reason": "L0 action always allowed", "metadata": {}}
